app/build/intermediates/manifest_merge_blame_file/debug/manifest-merger-blame-debug-report.txt
1<?xml version="1.0" encoding="utf-8"?>
2<manifest xmlns:android="http://schemas.android.com/apk/res/android"
3    package="com.task.sap"
4    android:versionCode="1"
5    android:versionName="1.0" >
6
7    <uses-sdk
8        android:minSdkVersion="21"
8-->src/main/AndroidManifest.xml
9        android:targetSdkVersion="29" />
9-->src/main/AndroidManifest.xml
10
11    <application
11-->src/main/AndroidManifest.xml:5:5-32:19
12        android:allowBackup="true"
12-->src/main/AndroidManifest.xml:6:9-35
13        android:appComponentFactory="androidx.core.app.CoreComponentFactory"
13-->[androidx.core:core:1.3.1] AndroidManifest.xml:24:18-86
14        android:debuggable="true"
15        android:icon="@mipmap/ic_launcher"
15-->src/main/AndroidManifest.xml:7:9-43
16        android:label="@string/app_name"
16-->src/main/AndroidManifest.xml:8:9-41
17        android:roundIcon="@mipmap/ic_launcher_round"
17-->src/main/AndroidManifest.xml:9:9-54
18        android:supportsRtl="true"
18-->src/main/AndroidManifest.xml:10:9-35
19        android:testOnly="true"
20        android:theme="@style/AppTheme" >
20-->src/main/AndroidManifest.xml:11:9-40
21        <activity android:name="com.task.sap.temperature" />
21-->src/main/AndroidManifest.xml:12:9-70
21-->src/main/AndroidManifest.xml:12:19-58
22        <activity android:name="com.task.sap.three_d_shapes" />
22-->src/main/AndroidManifest.xml:13:9-64
22-->src/main/AndroidManifest.xml:13:19-61
23        <activity android:name="com.task.sap.about" />
23-->src/main/AndroidManifest.xml:14:9-55
23-->src/main/AndroidManifest.xml:14:19-52
24        <activity android:name="com.task.sap.two_d_shapes" />
24-->src/main/AndroidManifest.xml:15:9-62
24-->src/main/AndroidManifest.xml:15:19-59
25        <activity android:name="com.task.sap.test_value" />
25-->src/main/AndroidManifest.xml:16:9-60
25-->src/main/AndroidManifest.xml:16:19-57
26        <activity android:name="com.task.sap.bmi" />
26-->src/main/AndroidManifest.xml:17:9-53
26-->src/main/AndroidManifest.xml:17:19-50
27        <activity android:name="com.task.sap.main_menu" >
27-->src/main/AndroidManifest.xml:18:9-24:20
27-->src/main/AndroidManifest.xml:18:19-56
28            <intent-filter>
28-->src/main/AndroidManifest.xml:19:13-23:29
29                <action android:name="android.intent.action.MAIN" />
29-->src/main/AndroidManifest.xml:20:17-69
29-->src/main/AndroidManifest.xml:20:25-66
30
31                <category android:name="android.intent.category.LAUNCHER" />
31-->src/main/AndroidManifest.xml:22:17-77
31-->src/main/AndroidManifest.xml:22:27-74
32            </intent-filter>
33        </activity>
34        <activity android:name="com.task.sap.MainActivity" >
34-->src/main/AndroidManifest.xml:25:9-31:20
34-->src/main/AndroidManifest.xml:25:19-59
35            <intent-filter>
35-->src/main/AndroidManifest.xml:19:13-23:29
36                <action android:name="android.intent.action.MAIN" />
36-->src/main/AndroidManifest.xml:20:17-69
36-->src/main/AndroidManifest.xml:20:25-66
37
38                <category android:name="android.intent.category.LAUNCHER" />
38-->src/main/AndroidManifest.xml:22:17-77
38-->src/main/AndroidManifest.xml:22:27-74
39            </intent-filter>
40        </activity>
41    </application>
42
43</manifest>